Determining if the pthread_create exist failed with the following output:
Change Dir: /home/wine/dataset-tools/build/CMakeFiles/CMakeTmp

Run Build Command:"/usr/bin/make" "cmTC_556cf/fast"
/usr/bin/make -f CMakeFiles/cmTC_556cf.dir/build.make CMakeFiles/cmTC_556cf.dir/build
make[1]: Entering directory `/home/wine/dataset-tools/build/CMakeFiles/CMakeTmp'
Building C object CMakeFiles/cmTC_556cf.dir/CheckSymbolExists.c.o
/usr/bin/cc   -fPIC    -o CMakeFiles/cmTC_556cf.dir/CheckSymbolExists.c.o   -c /home/wine/dataset-tools/build/CMakeFiles/CMakeTmp/CheckSymbolExists.c
Linking C executable cmTC_556cf
/usr/local/bin/cmake -E cmake_link_script CMakeFiles/cmTC_556cf.dir/link.txt --verbose=1
/usr/bin/cc -fPIC     -rdynamic CMakeFiles/cmTC_556cf.dir/CheckSymbolExists.c.o  -o cmTC_556cf 
CMakeFiles/cmTC_556cf.dir/CheckSymbolExists.c.o: In function `main':
CheckSymbolExists.c:(.text+0x1b): undefined reference to `pthread_create'
collect2: error: ld returned 1 exit status
make[1]: *** [cmTC_556cf] Error 1
make[1]: Leaving directory `/home/wine/dataset-tools/build/CMakeFiles/CMakeTmp'
make: *** [cmTC_556cf/fast] Error 2

File /home/wine/dataset-tools/build/CMakeFiles/CMakeTmp/CheckSymbolExists.c:
/* */
#include <pthread.h>

int main(int argc, char** argv)
{
  (void)argv;
#ifndef pthread_create
  return ((int*)(&pthread_create))[argc];
#else
  (void)argc;
  return 0;
#endif
}

Determining if the function pthread_create exists in the pthreads failed with the following output:
Change Dir: /home/wine/dataset-tools/build/CMakeFiles/CMakeTmp

Run Build Command:"/usr/bin/make" "cmTC_b31e6/fast"
/usr/bin/make -f CMakeFiles/cmTC_b31e6.dir/build.make CMakeFiles/cmTC_b31e6.dir/build
make[1]: Entering directory `/home/wine/dataset-tools/build/CMakeFiles/CMakeTmp'
Building C object CMakeFiles/cmTC_b31e6.dir/CheckFunctionExists.c.o
/usr/bin/cc   -fPIC -DCHECK_FUNCTION_EXISTS=pthread_create   -o CMakeFiles/cmTC_b31e6.dir/CheckFunctionExists.c.o   -c /usr/local/share/cmake-3.8/Modules/CheckFunctionExists.c
Linking C executable cmTC_b31e6
/usr/local/bin/cmake -E cmake_link_script CMakeFiles/cmTC_b31e6.dir/link.txt --verbose=1
/usr/bin/cc -fPIC -DCHECK_FUNCTION_EXISTS=pthread_create    -rdynamic CMakeFiles/cmTC_b31e6.dir/CheckFunctionExists.c.o  -o cmTC_b31e6 -lpthreads 
/usr/bin/ld: cannot find -lpthreads
collect2: error: ld returned 1 exit status
make[1]: *** [cmTC_b31e6] Error 1
make[1]: Leaving directory `/home/wine/dataset-tools/build/CMakeFiles/CMakeTmp'
make: *** [cmTC_b31e6/fast] Error 2


